<?xml version="1.0" encoding="UTF-8"?>
<!-- Generated by org.testng.reporters.JUnitReportReporter -->
<testsuite hostname="user3" failures="0" tests="4" name="Runner.RunnerPage" time="15.861" errors="0" timestamp="2024-11-19T14:19:38 IST" skipped="0">
  <testcase classname="Runner.RunnerPage" name="runScenario" time="2.528"/>
  <testcase classname="Runner.RunnerPage" name="runScenario" time="8.486"/>
  <testcase classname="Runner.RunnerPage" name="runScenario" time="2.945"/>
  <testcase classname="Runner.RunnerPage" name="runScenario" time="1.902"/>
</testsuite> <!-- Runner.RunnerPage -->
